2024-10-11 20:33:22,807 - easyeditor.editors.editor - INFO - Instantiating model
2024-10-11 20:33:33,300 - easyeditor.editors.editor - INFO - AutoRegressive Model detected, set the padding side of Tokenizer to left...
2024-10-11 20:35:45,989 - easyeditor.editors.editor - INFO - Instantiating model
2024-10-11 20:36:22,928 - easyeditor.editors.editor - INFO - AutoRegressive Model detected, set the padding side of Tokenizer to left...
2024-10-11 20:42:17,099 - easyeditor.editors.editor - INFO - 0 editing: Which family does Epaspidoceras belong to? -> Noctuidae  

 {'pre': {'rewrite_acc': [0.3333333333333333], 'portability': {}}, 'case_id': 0, 'requested_rewrite': {'prompt': 'Which family does Epaspidoceras belong to?', 'target_new': 'Noctuidae', 'ground_truth': '<|endoftext|>', 'portability': {}, 'locality': {}, 'subject': 'Epaspidoceras'}, 'post': {'rewrite_acc': [0.3333333333333333], 'locality': {}, 'portability': {}}}
2024-10-11 20:47:23,694 - easyeditor.editors.editor - INFO - Instantiating model
2024-10-11 20:47:44,880 - easyeditor.editors.editor - INFO - Instantiating model
2024-10-11 20:49:37,402 - easyeditor.editors.editor - INFO - 0 editing: Which family does Epaspidoceras belong to? -> Noctuidae  

 {'pre': {'rewrite_acc': [0.25], 'portability': {}}, 'case_id': 0, 'requested_rewrite': {'prompt': 'Which family does Epaspidoceras belong to?', 'target_new': 'Noctuidae', 'ground_truth': '<|endoftext|>', 'portability': {}, 'locality': {}, 'subject': 'Epaspidoceras'}, 'post': {'rewrite_acc': [0.25], 'locality': {}, 'portability': {}}}
2024-10-11 20:53:52,846 - easyeditor.editors.editor - INFO - Instantiating model
2024-10-11 20:54:42,805 - easyeditor.editors.editor - INFO - Instantiating model
2024-10-11 20:58:39,049 - easyeditor.editors.editor - INFO - 0 editing: Which family does Epaspidoceras belong to? -> Noctuidae  

 {'pre': {'rewrite_acc': [0.25], 'portability': {}}, 'case_id': 0, 'requested_rewrite': {'prompt': 'Which family does Epaspidoceras belong to?', 'target_new': 'Noctuidae', 'ground_truth': '<|endoftext|>', 'portability': {}, 'locality': {}, 'subject': 'Epaspidoceras'}, 'post': {'rewrite_acc': [0.25], 'locality': {}, 'portability': {}}}
2024-10-11 21:00:42,519 - easyeditor.editors.editor - INFO - Instantiating model
2024-10-11 21:01:18,414 - easyeditor.editors.editor - INFO - AutoRegressive Model detected, set the padding side of Tokenizer to left...
2024-10-11 21:25:52,783 - easyeditor.editors.editor - INFO - 0 editing: Which family does Epaspidoceras belong to? -> Noctuidae  

 {'pre': {'rewrite_acc': [0.3333333333333333], 'portability': {}}, 'case_id': 0, 'requested_rewrite': {'prompt': 'Which family does Epaspidoceras belong to?', 'target_new': 'Noctuidae', 'ground_truth': '<|endoftext|>', 'portability': {}, 'locality': {}, 'subject': 'Epaspidoceras'}, 'post': {'rewrite_acc': [0.3333333333333333], 'locality': {}, 'portability': {}}}
2024-10-16 16:53:52,184 - easyeditor.editors.editor - INFO - Instantiating model
2024-10-16 16:59:20,773 - easyeditor.editors.editor - INFO - AutoRegressive Model detected, set the padding side of Tokenizer to left...
2024-10-16 17:09:35,702 - easyeditor.editors.editor - INFO - 0 editing: Which family does Epaspidoceras belong to? -> Noctuidae  

 {'pre': {'rewrite_acc': [0.3333333333333333], 'portability': {}}, 'case_id': 0, 'requested_rewrite': {'prompt': 'Which family does Epaspidoceras belong to?', 'target_new': 'Noctuidae', 'ground_truth': '<|endoftext|>', 'portability': {}, 'locality': {}, 'subject': 'Epaspidoceras'}, 'post': {'rewrite_acc': [0.3333333333333333], 'locality': {}, 'portability': {}}}
2024-10-16 17:15:23,905 - easyeditor.editors.editor - INFO - Instantiating model
2024-10-16 17:20:17,456 - easyeditor.editors.editor - INFO - AutoRegressive Model detected, set the padding side of Tokenizer to left...
2024-10-16 18:16:32,218 - easyeditor.editors.editor - INFO - Instantiating model
2024-10-16 19:02:39,890 - easyeditor.editors.editor - INFO - 0 editing: Which family does Epaspidoceras belong to? -> Noctuidae  

 {'pre': {'rewrite_acc': [0.3333333333333333], 'portability': {}}, 'case_id': 0, 'requested_rewrite': {'prompt': 'Which family does Epaspidoceras belong to?', 'target_new': 'Noctuidae', 'ground_truth': '<|endoftext|>', 'portability': {}, 'locality': {}, 'subject': 'Epaspidoceras'}, 'post': {'rewrite_acc': [0.0], 'locality': {}, 'portability': {}}}
2024-10-16 19:02:39,982 - easyeditor.editors.editor - INFO - 1 editing: What species is ZIC3 specific to? -> male  

 {'pre': {'rewrite_acc': [0.0], 'portability': {}}, 'case_id': 1, 'requested_rewrite': {'prompt': 'What species is ZIC3 specific to?', 'target_new': 'male', 'ground_truth': '<|endoftext|>', 'portability': {}, 'locality': {}, 'subject': 'ZIC3'}, 'post': {'rewrite_acc': [0.0], 'locality': {}, 'portability': {}}}
2024-10-16 19:02:40,045 - easyeditor.editors.editor - INFO - 2 editing: What voice type is Louise Grandjean? -> mezzo soprano  

 {'pre': {'rewrite_acc': [0.5], 'portability': {}}, 'case_id': 2, 'requested_rewrite': {'prompt': 'What voice type is Louise Grandjean?', 'target_new': 'mezzo soprano', 'ground_truth': '<|endoftext|>', 'portability': {}, 'locality': {}, 'subject': 'Louise Grandjean'}, 'post': {'rewrite_acc': [0.0], 'locality': {}, 'portability': {}}}
2024-10-16 19:02:40,108 - easyeditor.editors.editor - INFO - 3 editing: Who is listed as Wang Jipeng father? -> Wang Chonghua  

 {'pre': {'rewrite_acc': [0.2], 'portability': {}}, 'case_id': 3, 'requested_rewrite': {'prompt': 'Who is listed as Wang Jipeng father?', 'target_new': 'Wang Chonghua', 'ground_truth': '<|endoftext|>', 'portability': {}, 'locality': {}, 'subject': 'Wang Jipeng'}, 'post': {'rewrite_acc': [0.0], 'locality': {}, 'portability': {}}}
2024-10-16 19:02:40,176 - easyeditor.editors.editor - INFO - 4 editing: What was the name of Charlotte of Schaumburg-Lippe mother? -> Charlotte of Bourbon-Parma  

 {'pre': {'rewrite_acc': [0.42857142857142855], 'portability': {}}, 'case_id': 4, 'requested_rewrite': {'prompt': 'What was the name of Charlotte of Schaumburg-Lippe mother?', 'target_new': 'Charlotte of Bourbon-Parma', 'ground_truth': '<|endoftext|>', 'portability': {}, 'locality': {}, 'subject': 'Charlotte of Schaumburg-Lippe'}, 'post': {'rewrite_acc': [0.0], 'locality': {}, 'portability': {}}}
2024-10-16 19:02:40,239 - easyeditor.editors.editor - INFO - 5 editing: What constellation is home to Butterfly Cluster? -> Orion  

 {'pre': {'rewrite_acc': [0.5], 'portability': {}}, 'case_id': 5, 'requested_rewrite': {'prompt': 'What constellation is home to Butterfly Cluster?', 'target_new': 'Orion', 'ground_truth': '<|endoftext|>', 'portability': {}, 'locality': {}, 'subject': 'Butterfly Cluster'}, 'post': {'rewrite_acc': [0.0], 'locality': {}, 'portability': {}}}
2024-10-16 19:02:40,306 - easyeditor.editors.editor - INFO - 6 editing: The father of Juan María Bordaberry is whom? -> Gabrielle Bordaberry  

 {'pre': {'rewrite_acc': [0.5], 'portability': {}}, 'case_id': 6, 'requested_rewrite': {'prompt': 'The father of Juan María Bordaberry is whom?', 'target_new': 'Gabrielle Bordaberry', 'ground_truth': '<|endoftext|>', 'portability': {}, 'locality': {}, 'subject': 'Juan María Bordaberry'}, 'post': {'rewrite_acc': [0.0], 'locality': {}, 'portability': {}}}
2024-10-16 19:02:40,373 - easyeditor.editors.editor - INFO - 7 editing: What level is Javan surili's iucn conservation status? -> critically threatened  

 {'pre': {'rewrite_acc': [0.3333333333333333], 'portability': {}}, 'case_id': 7, 'requested_rewrite': {'prompt': "What level is Javan surili's iucn conservation status?", 'target_new': 'critically threatened', 'ground_truth': '<|endoftext|>', 'portability': {}, 'locality': {}, 'subject': 'Javan surili'}, 'post': {'rewrite_acc': [0.0], 'locality': {}, 'portability': {}}}
2024-10-16 19:02:40,440 - easyeditor.editors.editor - INFO - 8 editing: What day was USA-199 launched? -> 20 December 2007  

 {'pre': {'rewrite_acc': [0.3333333333333333], 'portability': {}}, 'case_id': 8, 'requested_rewrite': {'prompt': 'What day was USA-199 launched?', 'target_new': '20 December 2007', 'ground_truth': '<|endoftext|>', 'portability': {}, 'locality': {}, 'subject': 'USA-199'}, 'post': {'rewrite_acc': [0.0], 'locality': {}, 'portability': {}}}
2024-10-16 19:02:40,502 - easyeditor.editors.editor - INFO - 9 editing: What was the record label of Runaway Sunday? -> Motown  

 {'pre': {'rewrite_acc': [0.0], 'portability': {}}, 'case_id': 9, 'requested_rewrite': {'prompt': 'What was the record label of Runaway Sunday?', 'target_new': 'Motown', 'ground_truth': '<|endoftext|>', 'portability': {}, 'locality': {}, 'subject': 'Runaway Sunday'}, 'post': {'rewrite_acc': [0.0], 'locality': {}, 'portability': {}}}
2024-10-16 19:08:03,608 - easyeditor.editors.editor - INFO - Instantiating model
2024-10-16 19:11:58,863 - easyeditor.editors.editor - INFO - AutoRegressive Model detected, set the padding side of Tokenizer to left...
2024-10-17 12:47:56,472 - easyeditor.editors.editor - INFO - Instantiating model
2024-10-17 12:48:01,982 - easyeditor.editors.editor - INFO - Instantiating model
2024-10-17 12:49:43,308 - easyeditor.editors.editor - INFO - 0 editing: Which family does Epaspidoceras belong to? -> Noctuidae  

 {'pre': {'rewrite_acc': [0.25], 'portability': {}}, 'case_id': 0, 'requested_rewrite': {'prompt': 'Which family does Epaspidoceras belong to?', 'target_new': 'Noctuidae', 'ground_truth': '<|endoftext|>', 'portability': {}, 'locality': {}, 'subject': 'Epaspidoceras'}, 'post': {'rewrite_acc': [0.25], 'locality': {}, 'portability': {}}}
2024-10-17 12:51:14,801 - easyeditor.editors.editor - INFO - Instantiating model
2024-10-17 12:51:32,255 - easyeditor.editors.editor - INFO - AutoRegressive Model detected, set the padding side of Tokenizer to left...
2024-10-17 13:05:50,977 - easyeditor.editors.editor - INFO - 0 editing: Which family does Epaspidoceras belong to? -> Noctuidae  

 {'pre': {'rewrite_acc': [0.25], 'portability': {}}, 'case_id': 0, 'requested_rewrite': {'prompt': 'Which family does Epaspidoceras belong to?', 'target_new': 'Noctuidae', 'ground_truth': '<|endoftext|>', 'portability': {}, 'locality': {}, 'subject': 'Epaspidoceras'}, 'post': {'rewrite_acc': [0.0], 'locality': {}, 'portability': {}}}
2024-10-17 13:05:51,050 - easyeditor.editors.editor - INFO - 1 editing: What species is ZIC3 specific to? -> male  

 {'pre': {'rewrite_acc': [0.0], 'portability': {}}, 'case_id': 1, 'requested_rewrite': {'prompt': 'What species is ZIC3 specific to?', 'target_new': 'male', 'ground_truth': '<|endoftext|>', 'portability': {}, 'locality': {}, 'subject': 'ZIC3'}, 'post': {'rewrite_acc': [0.0], 'locality': {}, 'portability': {}}}
2024-10-17 13:05:51,123 - easyeditor.editors.editor - INFO - 2 editing: What voice type is Louise Grandjean? -> mezzo soprano  

 {'pre': {'rewrite_acc': [0.6666666666666666], 'portability': {}}, 'case_id': 2, 'requested_rewrite': {'prompt': 'What voice type is Louise Grandjean?', 'target_new': 'mezzo soprano', 'ground_truth': '<|endoftext|>', 'portability': {}, 'locality': {}, 'subject': 'Louise Grandjean'}, 'post': {'rewrite_acc': [0.0], 'locality': {}, 'portability': {}}}
2024-10-17 13:05:51,196 - easyeditor.editors.editor - INFO - 3 editing: Who is listed as Wang Jipeng father? -> Wang Chonghua  

 {'pre': {'rewrite_acc': [0.2], 'portability': {}}, 'case_id': 3, 'requested_rewrite': {'prompt': 'Who is listed as Wang Jipeng father?', 'target_new': 'Wang Chonghua', 'ground_truth': '<|endoftext|>', 'portability': {}, 'locality': {}, 'subject': 'Wang Jipeng'}, 'post': {'rewrite_acc': [0.0], 'locality': {}, 'portability': {}}}
2024-10-17 13:05:51,270 - easyeditor.editors.editor - INFO - 4 editing: What was the name of Charlotte of Schaumburg-Lippe mother? -> Charlotte of Bourbon-Parma  

 {'pre': {'rewrite_acc': [0.5714285714285714], 'portability': {}}, 'case_id': 4, 'requested_rewrite': {'prompt': 'What was the name of Charlotte of Schaumburg-Lippe mother?', 'target_new': 'Charlotte of Bourbon-Parma', 'ground_truth': '<|endoftext|>', 'portability': {}, 'locality': {}, 'subject': 'Charlotte of Schaumburg-Lippe'}, 'post': {'rewrite_acc': [0.0], 'locality': {}, 'portability': {}}}
2024-10-17 13:05:51,343 - easyeditor.editors.editor - INFO - 5 editing: What constellation is home to Butterfly Cluster? -> Orion  

 {'pre': {'rewrite_acc': [0.5], 'portability': {}}, 'case_id': 5, 'requested_rewrite': {'prompt': 'What constellation is home to Butterfly Cluster?', 'target_new': 'Orion', 'ground_truth': '<|endoftext|>', 'portability': {}, 'locality': {}, 'subject': 'Butterfly Cluster'}, 'post': {'rewrite_acc': [0.0], 'locality': {}, 'portability': {}}}
2024-10-17 13:05:51,416 - easyeditor.editors.editor - INFO - 6 editing: The father of Juan María Bordaberry is whom? -> Gabrielle Bordaberry  

 {'pre': {'rewrite_acc': [0.5714285714285714], 'portability': {}}, 'case_id': 6, 'requested_rewrite': {'prompt': 'The father of Juan María Bordaberry is whom?', 'target_new': 'Gabrielle Bordaberry', 'ground_truth': '<|endoftext|>', 'portability': {}, 'locality': {}, 'subject': 'Juan María Bordaberry'}, 'post': {'rewrite_acc': [0.0], 'locality': {}, 'portability': {}}}
2024-10-17 13:05:51,490 - easyeditor.editors.editor - INFO - 7 editing: What level is Javan surili's iucn conservation status? -> critically threatened  

 {'pre': {'rewrite_acc': [0.3333333333333333], 'portability': {}}, 'case_id': 7, 'requested_rewrite': {'prompt': "What level is Javan surili's iucn conservation status?", 'target_new': 'critically threatened', 'ground_truth': '<|endoftext|>', 'portability': {}, 'locality': {}, 'subject': 'Javan surili'}, 'post': {'rewrite_acc': [0.0], 'locality': {}, 'portability': {}}}
2024-10-17 13:05:51,564 - easyeditor.editors.editor - INFO - 8 editing: What day was USA-199 launched? -> 20 December 2007  

 {'pre': {'rewrite_acc': [0.4444444444444444], 'portability': {}}, 'case_id': 8, 'requested_rewrite': {'prompt': 'What day was USA-199 launched?', 'target_new': '20 December 2007', 'ground_truth': '<|endoftext|>', 'portability': {}, 'locality': {}, 'subject': 'USA-199'}, 'post': {'rewrite_acc': [0.6666666666666666], 'locality': {}, 'portability': {}}}
2024-10-17 13:05:51,636 - easyeditor.editors.editor - INFO - 9 editing: What was the record label of Runaway Sunday? -> Motown  

 {'pre': {'rewrite_acc': [0.5], 'portability': {}}, 'case_id': 9, 'requested_rewrite': {'prompt': 'What was the record label of Runaway Sunday?', 'target_new': 'Motown', 'ground_truth': '<|endoftext|>', 'portability': {}, 'locality': {}, 'subject': 'Runaway Sunday'}, 'post': {'rewrite_acc': [0.0], 'locality': {}, 'portability': {}}}
2024-10-17 13:07:20,594 - easyeditor.editors.editor - INFO - Instantiating model
