2024-10-12 20:37:58,262 - easyeditor.editors.editor - INFO - Instantiating model
2024-10-12 20:38:09,512 - easyeditor.editors.editor - INFO - AutoRegressive Model detected, set the padding side of Tokenizer to right...
2024-10-12 20:38:33,045 - easyeditor.editors.editor - INFO - Instantiating model
2024-10-12 20:38:55,543 - easyeditor.editors.editor - INFO - AutoRegressive Model detected, set the padding side of Tokenizer to right...
2024-10-12 20:40:23,575 - easyeditor.editors.editor - INFO - Instantiating model
2024-10-12 20:40:45,784 - easyeditor.editors.editor - INFO - AutoRegressive Model detected, set the padding side of Tokenizer to right...
2024-10-12 20:41:22,544 - easyeditor.editors.editor - INFO - Instantiating model
2024-10-12 20:41:45,423 - easyeditor.editors.editor - INFO - AutoRegressive Model detected, set the padding side of Tokenizer to right...
2024-10-12 20:45:26,958 - easyeditor.editors.editor - INFO - Instantiating model
2024-10-12 20:45:49,682 - easyeditor.editors.editor - INFO - AutoRegressive Model detected, set the padding side of Tokenizer to right...
2024-10-12 20:47:02,482 - easyeditor.editors.editor - INFO - Instantiating model
2024-10-12 20:47:22,038 - easyeditor.editors.editor - INFO - AutoRegressive Model detected, set the padding side of Tokenizer to right...
2024-10-12 20:48:06,234 - easyeditor.editors.editor - INFO - Instantiating model
2024-10-12 20:48:17,537 - easyeditor.editors.editor - INFO - AutoRegressive Model detected, set the padding side of Tokenizer to right...
2024-10-12 20:50:47,199 - easyeditor.editors.editor - INFO - Instantiating model
2024-10-12 20:50:58,373 - easyeditor.editors.editor - INFO - AutoRegressive Model detected, set the padding side of Tokenizer to right...
2024-10-12 20:51:15,859 - easyeditor.editors.editor - INFO - Instantiating model
2024-10-12 20:51:27,158 - easyeditor.editors.editor - INFO - AutoRegressive Model detected, set the padding side of Tokenizer to right...
2024-10-12 20:51:45,662 - easyeditor.editors.editor - INFO - Instantiating model
2024-10-12 20:51:56,820 - easyeditor.editors.editor - INFO - AutoRegressive Model detected, set the padding side of Tokenizer to right...
2024-10-12 20:52:57,228 - easyeditor.editors.editor - INFO - Instantiating model
2024-10-12 20:53:08,489 - easyeditor.editors.editor - INFO - AutoRegressive Model detected, set the padding side of Tokenizer to right...
2024-10-12 20:54:17,386 - easyeditor.editors.editor - INFO - Instantiating model
2024-10-12 20:54:28,551 - easyeditor.editors.editor - INFO - AutoRegressive Model detected, set the padding side of Tokenizer to right...
2024-10-12 20:55:52,278 - easyeditor.editors.editor - INFO - Instantiating model
2024-10-12 20:56:03,692 - easyeditor.editors.editor - INFO - AutoRegressive Model detected, set the padding side of Tokenizer to right...
2024-10-12 20:57:54,706 - easyeditor.editors.editor - INFO - Instantiating model
2024-10-12 20:58:05,929 - easyeditor.editors.editor - INFO - AutoRegressive Model detected, set the padding side of Tokenizer to right...
2024-10-12 20:59:41,616 - easyeditor.editors.editor - INFO - Instantiating model
2024-10-12 20:59:52,948 - easyeditor.editors.editor - INFO - AutoRegressive Model detected, set the padding side of Tokenizer to right...
2024-10-12 21:01:12,060 - easyeditor.editors.editor - INFO - Instantiating model
2024-10-12 21:01:23,040 - easyeditor.editors.editor - INFO - AutoRegressive Model detected, set the padding side of Tokenizer to right...
2024-10-12 21:01:46,970 - easyeditor.editors.editor - INFO - Instantiating model
2024-10-12 21:01:58,045 - easyeditor.editors.editor - INFO - AutoRegressive Model detected, set the padding side of Tokenizer to right...
2024-10-12 21:02:58,770 - easyeditor.editors.editor - INFO - Instantiating model
2024-10-12 21:03:09,915 - easyeditor.editors.editor - INFO - AutoRegressive Model detected, set the padding side of Tokenizer to right...
2024-10-12 21:05:54,448 - easyeditor.editors.editor - INFO - Instantiating model
2024-10-12 21:06:05,671 - easyeditor.editors.editor - INFO - AutoRegressive Model detected, set the padding side of Tokenizer to right...
2024-10-12 21:09:19,334 - easyeditor.editors.editor - INFO - Instantiating model
2024-10-12 21:09:30,463 - easyeditor.editors.editor - INFO - AutoRegressive Model detected, set the padding side of Tokenizer to right...
2024-10-12 21:14:20,808 - easyeditor.editors.editor - INFO - Instantiating model
2024-10-12 21:14:31,250 - easyeditor.editors.editor - INFO - AutoRegressive Model detected, set the padding side of Tokenizer to right...
2024-10-12 21:43:00,590 - easyeditor.editors.editor - INFO - Instantiating model
2024-10-12 21:43:11,021 - easyeditor.editors.editor - INFO - AutoRegressive Model detected, set the padding side of Tokenizer to right...
2024-10-12 21:44:37,230 - easyeditor.editors.editor - INFO - Instantiating model
2024-10-12 21:44:54,846 - easyeditor.editors.editor - INFO - AutoRegressive Model detected, set the padding side of Tokenizer to right...
2024-10-12 21:45:41,737 - easyeditor.editors.editor - INFO - Instantiating model
2024-10-12 21:45:52,193 - easyeditor.editors.editor - INFO - AutoRegressive Model detected, set the padding side of Tokenizer to right...
2024-10-12 21:50:30,980 - easyeditor.editors.editor - INFO - Instantiating model
2024-10-12 21:50:52,814 - easyeditor.editors.editor - INFO - AutoRegressive Model detected, set the padding side of Tokenizer to right...
2024-10-12 21:53:39,826 - easyeditor.editors.editor - INFO - Instantiating model
2024-10-12 21:54:01,676 - easyeditor.editors.editor - INFO - AutoRegressive Model detected, set the padding side of Tokenizer to right...
2024-10-12 21:55:50,481 - easyeditor.editors.editor - INFO - Instantiating model
2024-10-12 21:56:12,566 - easyeditor.editors.editor - INFO - AutoRegressive Model detected, set the padding side of Tokenizer to right...
2024-10-12 21:57:24,135 - easyeditor.editors.editor - INFO - Instantiating model
2024-10-12 21:57:45,739 - easyeditor.editors.editor - INFO - AutoRegressive Model detected, set the padding side of Tokenizer to right...
2024-10-12 21:59:13,915 - easyeditor.editors.editor - INFO - Instantiating model
2024-10-12 21:59:43,005 - easyeditor.editors.editor - INFO - Instantiating model
2024-10-12 22:00:04,167 - easyeditor.editors.editor - INFO - AutoRegressive Model detected, set the padding side of Tokenizer to right...
2024-10-12 22:01:53,172 - easyeditor.editors.editor - INFO - Instantiating model
2024-10-12 22:02:15,493 - easyeditor.editors.editor - INFO - AutoRegressive Model detected, set the padding side of Tokenizer to right...
2024-10-12 22:03:30,421 - easyeditor.editors.editor - INFO - Instantiating model
2024-10-12 22:03:41,749 - easyeditor.editors.editor - INFO - Instantiating model
2024-10-12 22:04:02,540 - easyeditor.editors.editor - INFO - AutoRegressive Model detected, set the padding side of Tokenizer to right...
2024-10-12 22:05:48,805 - easyeditor.editors.editor - INFO - Instantiating model
2024-10-12 22:06:10,540 - easyeditor.editors.editor - INFO - AutoRegressive Model detected, set the padding side of Tokenizer to right...
2024-10-12 22:08:10,815 - easyeditor.editors.editor - INFO - Instantiating model
2024-10-12 22:08:32,292 - easyeditor.editors.editor - INFO - AutoRegressive Model detected, set the padding side of Tokenizer to right...
2024-10-12 22:09:14,346 - easyeditor.editors.editor - INFO - Instantiating model
2024-10-12 22:09:31,845 - easyeditor.editors.editor - INFO - Instantiating model
2024-10-12 22:09:54,916 - easyeditor.editors.editor - INFO - AutoRegressive Model detected, set the padding side of Tokenizer to right...
2024-10-12 22:10:49,160 - easyeditor.editors.editor - INFO - Instantiating model
2024-10-12 22:11:11,769 - easyeditor.editors.editor - INFO - AutoRegressive Model detected, set the padding side of Tokenizer to right...
2024-10-12 22:14:34,465 - easyeditor.editors.editor - INFO - Instantiating model
2024-10-12 22:14:56,582 - easyeditor.editors.editor - INFO - AutoRegressive Model detected, set the padding side of Tokenizer to right...
2024-10-12 22:16:19,421 - easyeditor.editors.editor - INFO - Instantiating model
2024-10-12 22:16:41,346 - easyeditor.editors.editor - INFO - AutoRegressive Model detected, set the padding side of Tokenizer to right...
2024-10-12 22:17:45,452 - easyeditor.editors.editor - INFO - Instantiating model
2024-10-12 22:18:06,822 - easyeditor.editors.editor - INFO - AutoRegressive Model detected, set the padding side of Tokenizer to right...
2024-10-12 22:18:52,130 - easyeditor.editors.editor - INFO - Instantiating model
2024-10-12 22:19:14,597 - easyeditor.editors.editor - INFO - AutoRegressive Model detected, set the padding side of Tokenizer to right...
2024-10-12 22:22:19,820 - easyeditor.editors.editor - INFO - Instantiating model
2024-10-12 22:22:41,728 - easyeditor.editors.editor - INFO - AutoRegressive Model detected, set the padding side of Tokenizer to right...
2024-10-12 22:23:05,521 - easyeditor.editors.editor - INFO - 0 editing: Which family does Epaspidoceras belong to? -> Noctuidae  

 {'pre': {'rewrite_acc': [0.25], 'portability': {}}, 'case_id': 0, 'requested_rewrite': {'prompt': 'Which family does Epaspidoceras belong to?', 'target_new': 'Noctuidae', 'ground_truth': '<|endoftext|>', 'portability': {}, 'locality': {}, 'subject': 'Epaspidoceras'}, 'post': {'rewrite_acc': [0.25], 'locality': {}, 'portability': {}}}
2024-10-13 13:31:51,584 - easyeditor.editors.editor - INFO - Instantiating model
2024-10-13 13:32:02,652 - easyeditor.editors.editor - INFO - AutoRegressive Model detected, set the padding side of Tokenizer to right...
2024-10-13 13:32:23,728 - easyeditor.editors.editor - INFO - Instantiating model
2024-10-13 13:32:34,716 - easyeditor.editors.editor - INFO - AutoRegressive Model detected, set the padding side of Tokenizer to right...
2024-10-13 13:32:54,054 - easyeditor.editors.editor - INFO - Instantiating model
2024-10-13 13:33:05,113 - easyeditor.editors.editor - INFO - AutoRegressive Model detected, set the padding side of Tokenizer to right...
2024-10-13 13:34:23,390 - easyeditor.editors.editor - INFO - Instantiating model
2024-10-13 13:34:34,378 - easyeditor.editors.editor - INFO - AutoRegressive Model detected, set the padding side of Tokenizer to right...
2024-10-13 13:40:23,558 - easyeditor.editors.editor - INFO - Instantiating model
2024-10-13 13:41:06,294 - easyeditor.editors.editor - INFO - 0 editing: Which family does Epaspidoceras belong to? -> Noctuidae  

 {'pre': {'rewrite_acc': [0.3333333333333333], 'portability': {}}, 'case_id': 0, 'requested_rewrite': {'prompt': 'Which family does Epaspidoceras belong to?', 'target_new': 'Noctuidae', 'ground_truth': '<|endoftext|>', 'portability': {}, 'locality': {}, 'subject': 'Epaspidoceras'}, 'post': {'rewrite_acc': [0.0], 'locality': {}, 'portability': {}}}
2024-10-13 13:41:27,074 - easyeditor.editors.editor - INFO - Instantiating model
2024-10-13 13:42:40,531 - easyeditor.editors.editor - INFO - 0 editing: Which family does Epaspidoceras belong to? -> Noctuidae  

 {'pre': {'rewrite_acc': [0.3333333333333333], 'portability': {}}, 'case_id': 0, 'requested_rewrite': {'prompt': 'Which family does Epaspidoceras belong to?', 'target_new': 'Noctuidae', 'ground_truth': '<|endoftext|>', 'portability': {}, 'locality': {}, 'subject': 'Epaspidoceras'}, 'post': {'rewrite_acc': [0.6666666666666666], 'locality': {}, 'portability': {}}}
2024-10-13 13:42:55,642 - easyeditor.editors.editor - INFO - Instantiating model
2024-10-13 13:50:54,608 - easyeditor.editors.editor - INFO - 0 editing: Which family does Epaspidoceras belong to? -> Noctuidae  

 {'pre': {'rewrite_acc': [0.3333333333333333], 'portability': {}}, 'case_id': 0, 'requested_rewrite': {'prompt': 'Which family does Epaspidoceras belong to?', 'target_new': 'Noctuidae', 'ground_truth': '<|endoftext|>', 'portability': {}, 'locality': {}, 'subject': 'Epaspidoceras'}, 'post': {'rewrite_acc': [0.6666666666666666], 'locality': {}, 'portability': {}}}
2024-10-17 14:22:06,319 - easyeditor.editors.editor - INFO - Instantiating model
2024-10-17 14:26:10,815 - easyeditor.editors.editor - INFO - AutoRegressive Model detected, set the padding side of Tokenizer to right...
2024-10-17 14:48:46,846 - easyeditor.editors.editor - INFO - 0 editing: Which family does Epaspidoceras belong to? -> Noctuidae  

 {'pre': {'rewrite_acc': [0.3333333333333333], 'portability': {}}, 'case_id': 0, 'requested_rewrite': {'prompt': 'Which family does Epaspidoceras belong to?', 'target_new': 'Noctuidae', 'ground_truth': '<|endoftext|>', 'portability': {}, 'locality': {}, 'subject': 'Epaspidoceras'}, 'post': {'rewrite_acc': [1.0], 'locality': {}, 'portability': {}}}
2024-10-17 14:53:38,295 - easyeditor.editors.editor - INFO - Instantiating model
2024-10-17 14:55:14,504 - easyeditor.editors.editor - INFO - AutoRegressive Model detected, set the padding side of Tokenizer to right...
2024-10-17 14:59:05,498 - easyeditor.editors.editor - INFO - 0 editing: Which family does Epaspidoceras belong to? -> Noctuidae  

 {'pre': {'rewrite_acc': [0.3333333333333333], 'portability': {}}, 'case_id': 0, 'requested_rewrite': {'prompt': 'Which family does Epaspidoceras belong to?', 'target_new': 'Noctuidae', 'ground_truth': '<|endoftext|>', 'portability': {}, 'locality': {}, 'subject': 'Epaspidoceras'}, 'post': {'rewrite_acc': [1.0], 'locality': {}, 'portability': {}}}
2024-10-17 14:59:05,693 - easyeditor.editors.editor - INFO - 1 editing: What species is ZIC3 specific to? -> male  

 {'pre': {'rewrite_acc': [0.0], 'portability': {}}, 'case_id': 1, 'requested_rewrite': {'prompt': 'What species is ZIC3 specific to?', 'target_new': 'male', 'ground_truth': '<|endoftext|>', 'portability': {}, 'locality': {}, 'subject': 'ZIC3'}, 'post': {'rewrite_acc': [1.0], 'locality': {}, 'portability': {}}}
2024-10-17 14:59:05,756 - easyeditor.editors.editor - INFO - 2 editing: What voice type is Louise Grandjean? -> mezzo soprano  

 {'pre': {'rewrite_acc': [0.5], 'portability': {}}, 'case_id': 2, 'requested_rewrite': {'prompt': 'What voice type is Louise Grandjean?', 'target_new': 'mezzo soprano', 'ground_truth': '<|endoftext|>', 'portability': {}, 'locality': {}, 'subject': 'Louise Grandjean'}, 'post': {'rewrite_acc': [1.0], 'locality': {}, 'portability': {}}}
2024-10-17 14:59:05,820 - easyeditor.editors.editor - INFO - 3 editing: Who is listed as Wang Jipeng father? -> Wang Chonghua  

 {'pre': {'rewrite_acc': [0.2], 'portability': {}}, 'case_id': 3, 'requested_rewrite': {'prompt': 'Who is listed as Wang Jipeng father?', 'target_new': 'Wang Chonghua', 'ground_truth': '<|endoftext|>', 'portability': {}, 'locality': {}, 'subject': 'Wang Jipeng'}, 'post': {'rewrite_acc': [1.0], 'locality': {}, 'portability': {}}}
2024-10-17 14:59:05,889 - easyeditor.editors.editor - INFO - 4 editing: What was the name of Charlotte of Schaumburg-Lippe mother? -> Charlotte of Bourbon-Parma  

 {'pre': {'rewrite_acc': [0.42857142857142855], 'portability': {}}, 'case_id': 4, 'requested_rewrite': {'prompt': 'What was the name of Charlotte of Schaumburg-Lippe mother?', 'target_new': 'Charlotte of Bourbon-Parma', 'ground_truth': '<|endoftext|>', 'portability': {}, 'locality': {}, 'subject': 'Charlotte of Schaumburg-Lippe'}, 'post': {'rewrite_acc': [1.0], 'locality': {}, 'portability': {}}}
2024-10-17 14:59:05,953 - easyeditor.editors.editor - INFO - 5 editing: What constellation is home to Butterfly Cluster? -> Orion  

 {'pre': {'rewrite_acc': [0.5], 'portability': {}}, 'case_id': 5, 'requested_rewrite': {'prompt': 'What constellation is home to Butterfly Cluster?', 'target_new': 'Orion', 'ground_truth': '<|endoftext|>', 'portability': {}, 'locality': {}, 'subject': 'Butterfly Cluster'}, 'post': {'rewrite_acc': [1.0], 'locality': {}, 'portability': {}}}
2024-10-17 14:59:06,021 - easyeditor.editors.editor - INFO - 6 editing: The father of Juan María Bordaberry is whom? -> Gabrielle Bordaberry  

 {'pre': {'rewrite_acc': [0.5], 'portability': {}}, 'case_id': 6, 'requested_rewrite': {'prompt': 'The father of Juan María Bordaberry is whom?', 'target_new': 'Gabrielle Bordaberry', 'ground_truth': '<|endoftext|>', 'portability': {}, 'locality': {}, 'subject': 'Juan María Bordaberry'}, 'post': {'rewrite_acc': [1.0], 'locality': {}, 'portability': {}}}
2024-10-17 14:59:06,088 - easyeditor.editors.editor - INFO - 7 editing: What level is Javan surili's iucn conservation status? -> critically threatened  

 {'pre': {'rewrite_acc': [0.3333333333333333], 'portability': {}}, 'case_id': 7, 'requested_rewrite': {'prompt': "What level is Javan surili's iucn conservation status?", 'target_new': 'critically threatened', 'ground_truth': '<|endoftext|>', 'portability': {}, 'locality': {}, 'subject': 'Javan surili'}, 'post': {'rewrite_acc': [1.0], 'locality': {}, 'portability': {}}}
2024-10-17 14:59:06,156 - easyeditor.editors.editor - INFO - 8 editing: What day was USA-199 launched? -> 20 December 2007  

 {'pre': {'rewrite_acc': [0.3333333333333333], 'portability': {}}, 'case_id': 8, 'requested_rewrite': {'prompt': 'What day was USA-199 launched?', 'target_new': '20 December 2007', 'ground_truth': '<|endoftext|>', 'portability': {}, 'locality': {}, 'subject': 'USA-199'}, 'post': {'rewrite_acc': [0.7777777777777778], 'locality': {}, 'portability': {}}}
2024-10-17 14:59:06,219 - easyeditor.editors.editor - INFO - 9 editing: What was the record label of Runaway Sunday? -> Motown  

 {'pre': {'rewrite_acc': [0.0], 'portability': {}}, 'case_id': 9, 'requested_rewrite': {'prompt': 'What was the record label of Runaway Sunday?', 'target_new': 'Motown', 'ground_truth': '<|endoftext|>', 'portability': {}, 'locality': {}, 'subject': 'Runaway Sunday'}, 'post': {'rewrite_acc': [1.0], 'locality': {}, 'portability': {}}}
2024-10-17 15:18:29,482 - easyeditor.editors.editor - INFO - Instantiating model
2024-10-17 15:25:41,062 - easyeditor.editors.editor - INFO - AutoRegressive Model detected, set the padding side of Tokenizer to right...
2024-10-17 15:27:44,076 - easyeditor.editors.editor - INFO - Instantiating model
2024-10-17 15:36:11,564 - easyeditor.editors.editor - INFO - Instantiating model
2024-10-17 15:39:08,586 - easyeditor.editors.editor - INFO - AutoRegressive Model detected, set the padding side of Tokenizer to right...
2024-10-17 15:40:57,378 - easyeditor.editors.editor - INFO - Instantiating model
2024-10-17 15:42:30,522 - easyeditor.editors.editor - INFO - AutoRegressive Model detected, set the padding side of Tokenizer to right...
2024-10-17 16:00:23,849 - easyeditor.editors.editor - INFO - Instantiating model
2024-10-17 16:06:12,825 - easyeditor.editors.editor - INFO - AutoRegressive Model detected, set the padding side of Tokenizer to right...
2024-10-17 16:10:54,393 - easyeditor.editors.editor - INFO - 0 editing: Which family does Epaspidoceras belong to? -> Noctuidae  

 {'pre': {'rewrite_acc': [0.3333333333333333], 'portability': {}}, 'case_id': 0, 'requested_rewrite': {'prompt': 'Which family does Epaspidoceras belong to?', 'target_new': 'Noctuidae', 'ground_truth': '<|endoftext|>', 'portability': {}, 'locality': {}, 'subject': 'Epaspidoceras'}, 'post': {'rewrite_acc': [1.0], 'locality': {}, 'portability': {}}}
2024-10-17 16:19:18,035 - easyeditor.editors.editor - INFO - Instantiating model
2024-10-17 16:28:03,465 - easyeditor.editors.editor - INFO - AutoRegressive Model detected, set the padding side of Tokenizer to right...
2024-10-17 16:31:50,297 - easyeditor.editors.editor - INFO - 0 editing: Which family does Epaspidoceras belong to? -> Noctuidae  

 {'pre': {'rewrite_acc': [0.25], 'portability': {}}, 'case_id': 0, 'requested_rewrite': {'prompt': 'Which family does Epaspidoceras belong to?', 'target_new': 'Noctuidae', 'ground_truth': '<|endoftext|>', 'portability': {}, 'locality': {}, 'subject': 'Epaspidoceras'}, 'post': {'rewrite_acc': [1.0], 'locality': {}, 'portability': {}}}
